build/app/intermediates/manifest_merge_blame_file/release/manifest-merger-blame-release-report.txt
1<?xml version="1.0" encoding="utf-8"?>
2<manifest xmlns:android="http://schemas.android.com/apk/res/android"
3    package="com.example.dmega"
4    android:versionCode="1"
5    android:versionName="1.0.0" >
6
7    <uses-sdk
8        android:minSdkVersion="21"
8-->src\main\AndroidManifest.xml
9        android:targetSdkVersion="34" />
9-->src\main\AndroidManifest.xml
10    <!--
11         Required to query activities that can process text, see:
12         https://developer.android.com/training/package-visibility and
13         https://developer.android.com/reference/android/content/Intent#ACTION_PROCESS_TEXT.
14
15         In particular, this is used by the Flutter engine in io.flutter.plugin.text.ProcessTextPlugin.
16    -->
17    <queries>
17-->src\main\AndroidManifest.xml:39:5-44:15
18        <intent>
18-->src\main\AndroidManifest.xml:40:9-43:18
19            <action android:name="android.intent.action.PROCESS_TEXT" />
19-->src\main\AndroidManifest.xml:41:13-72
19-->src\main\AndroidManifest.xml:41:21-70
20
21            <data android:mimeType="text/plain" />
21-->src\main\AndroidManifest.xml:42:13-50
21-->src\main\AndroidManifest.xml:42:19-48
22        </intent>
23        <!-- For auth with vk client -->
24        <intent>
24-->[com.vk:android-sdk-core:3.5.0] AndroidManifest.xml:64:9-66:18
25            <action android:name="com.vkontakte.android.action.SDK_AUTH" />
25-->[com.vk:android-sdk-core:3.5.0] AndroidManifest.xml:65:13-76
25-->[com.vk:android-sdk-core:3.5.0] AndroidManifest.xml:65:21-73
26        </intent> <!-- For available browsers request -->
27        <intent>
27-->[com.vk:android-sdk-core:3.5.0] AndroidManifest.xml:69:9-75:18
28            <action android:name="android.intent.action.VIEW" />
28-->[com.vk:android-sdk-core:3.5.0] AndroidManifest.xml:70:13-65
28-->[com.vk:android-sdk-core:3.5.0] AndroidManifest.xml:70:21-62
29
30            <category android:name="android.intent.category.BROWSABLE" />
30-->[com.vk:android-sdk-core:3.5.0] AndroidManifest.xml:72:13-74
30-->[com.vk:android-sdk-core:3.5.0] AndroidManifest.xml:72:23-71
31
32            <data android:scheme="http" />
32-->src\main\AndroidManifest.xml:42:13-50
33        </intent>
34    </queries>
35
36    <uses-permission android:name="android.permission.ACCESS_NETWORK_STATE" />
36-->[com.vk:android-sdk-core:3.5.0] AndroidManifest.xml:78:5-79
36-->[com.vk:android-sdk-core:3.5.0] AndroidManifest.xml:78:22-76
37    <uses-permission android:name="android.permission.INTERNET" />
37-->[com.vk:android-sdk-core:3.5.0] AndroidManifest.xml:79:5-67
37-->[com.vk:android-sdk-core:3.5.0] AndroidManifest.xml:79:22-64
38
39    <permission
39-->[androidx.core:core:1.13.1] AndroidManifest.xml:22:5-24:47
40        android:name="com.example.dmega.DYNAMIC_RECEIVER_NOT_EXPORTED_PERMISSION"
40-->[androidx.core:core:1.13.1] AndroidManifest.xml:23:9-81
41        android:protectionLevel="signature" />
41-->[androidx.core:core:1.13.1] AndroidManifest.xml:24:9-44
42
43    <uses-permission android:name="com.example.dmega.DYNAMIC_RECEIVER_NOT_EXPORTED_PERMISSION" />
43-->[androidx.core:core:1.13.1] AndroidManifest.xml:26:5-97
43-->[androidx.core:core:1.13.1] AndroidManifest.xml:26:22-94
44
45    <application
46        android:name="android.app.Application"
46-->src\main\AndroidManifest.xml:4:9-42
47        android:appComponentFactory="androidx.core.app.CoreComponentFactory"
47-->[androidx.core:core:1.13.1] AndroidManifest.xml:28:18-86
48        android:icon="@mipmap/launcher_icon"
48-->src\main\AndroidManifest.xml:5:9-45
49        android:label="DMEGA" >
49-->src\main\AndroidManifest.xml:3:9-30
50        <activity
50-->src\main\AndroidManifest.xml:6:9-27:20
51            android:name="com.example.dmega.MainActivity"
51-->src\main\AndroidManifest.xml:7:13-41
52            android:configChanges="orientation|keyboardHidden|keyboard|screenSize|smallestScreenSize|locale|layoutDirection|fontScale|screenLayout|density|uiMode"
52-->src\main\AndroidManifest.xml:12:13-163
53            android:exported="true"
53-->src\main\AndroidManifest.xml:8:13-36
54            android:hardwareAccelerated="true"
54-->src\main\AndroidManifest.xml:13:13-47
55            android:launchMode="singleTop"
55-->src\main\AndroidManifest.xml:9:13-43
56            android:taskAffinity=""
56-->src\main\AndroidManifest.xml:10:13-36
57            android:theme="@style/LaunchTheme"
57-->src\main\AndroidManifest.xml:11:13-47
58            android:windowSoftInputMode="adjustResize" >
58-->src\main\AndroidManifest.xml:14:13-55
59
60            <!--
61                 Specifies an Android theme to apply to this Activity as soon as
62                 the Android process has started. This theme is visible to the user
63                 while the Flutter UI initializes. After that, this theme continues
64                 to determine the Window background behind the Flutter UI.
65            -->
66            <meta-data
66-->src\main\AndroidManifest.xml:19:13-22:17
67                android:name="io.flutter.embedding.android.NormalTheme"
67-->src\main\AndroidManifest.xml:20:15-70
68                android:resource="@style/NormalTheme" />
68-->src\main\AndroidManifest.xml:21:15-52
69
70            <intent-filter>
70-->src\main\AndroidManifest.xml:23:13-26:29
71                <action android:name="android.intent.action.MAIN" />
71-->src\main\AndroidManifest.xml:24:17-68
71-->src\main\AndroidManifest.xml:24:25-66
72
73                <category android:name="android.intent.category.LAUNCHER" />
73-->src\main\AndroidManifest.xml:25:17-76
73-->src\main\AndroidManifest.xml:25:27-74
74            </intent-filter>
75        </activity>
76        <!--
77             Don't delete the meta-data below.
78             This is used by the Flutter tool to generate GeneratedPluginRegistrant.java
79        -->
80        <meta-data
80-->src\main\AndroidManifest.xml:30:9-32:33
81            android:name="flutterEmbedding"
81-->src\main\AndroidManifest.xml:31:13-44
82            android:value="2" />
82-->src\main\AndroidManifest.xml:32:13-30
83
84        <activity
84-->[:url_launcher_android] AndroidManifest.xml:10:9-13:74
85            android:name="io.flutter.plugins.urllauncher.WebViewActivity"
85-->[:url_launcher_android] AndroidManifest.xml:11:13-74
86            android:exported="false"
86-->[:url_launcher_android] AndroidManifest.xml:12:13-37
87            android:theme="@android:style/Theme.NoTitleBar.Fullscreen" />
87-->[:url_launcher_android] AndroidManifest.xml:13:13-71
88        <activity
88-->[com.vk:android-sdk-core:3.5.0] AndroidManifest.xml:82:9-84:53
89            android:name="com.vk.api.sdk.ui.VKWebViewAuthActivity"
89-->[com.vk:android-sdk-core:3.5.0] AndroidManifest.xml:83:13-67
90            android:theme="@style/VK.Transparent" />
90-->[com.vk:android-sdk-core:3.5.0] AndroidManifest.xml:84:13-50
91        <activity
91-->[com.vk:android-sdk-core:3.5.0] AndroidManifest.xml:85:9-87:75
92            android:name="com.vk.api.sdk.ui.VKCaptchaActivity"
92-->[com.vk:android-sdk-core:3.5.0] AndroidManifest.xml:86:13-63
93            android:theme="@android:style/Theme.Translucent.NoTitleBar" />
93-->[com.vk:android-sdk-core:3.5.0] AndroidManifest.xml:87:13-72
94        <activity
94-->[com.vk:android-sdk-core:3.5.0] AndroidManifest.xml:88:9-90:75
95            android:name="com.vk.api.sdk.ui.VKConfirmationActivity"
95-->[com.vk:android-sdk-core:3.5.0] AndroidManifest.xml:89:13-68
96            android:theme="@android:style/Theme.Translucent.NoTitleBar" />
96-->[com.vk:android-sdk-core:3.5.0] AndroidManifest.xml:90:13-72
97
98        <provider
98-->[com.vk:android-sdk-core:3.5.0] AndroidManifest.xml:92:9-96:40
99            android:name="com.vk.api.sdk.internal.VKInitProvider"
99-->[com.vk:android-sdk-core:3.5.0] AndroidManifest.xml:93:13-66
100            android:authorities="com.example.dmega.VKInitProvider"
100-->[com.vk:android-sdk-core:3.5.0] AndroidManifest.xml:94:13-66
101            android:enabled="@bool/com_vk_sdk_init_provider_enabled"
101-->[com.vk:android-sdk-core:3.5.0] AndroidManifest.xml:95:13-69
102            android:exported="false" />
102-->[com.vk:android-sdk-core:3.5.0] AndroidManifest.xml:96:13-37
103
104        <meta-data
104-->[com.vk:android-sdk-core:3.5.0] AndroidManifest.xml:98:9-100:37
105            android:name="VKSdkVersion"
105-->[com.vk:android-sdk-core:3.5.0] AndroidManifest.xml:99:13-40
106            android:value="3.5.0" />
106-->[com.vk:android-sdk-core:3.5.0] AndroidManifest.xml:100:13-34
107        <meta-data
107-->[com.vk:android-sdk-core:3.5.0] AndroidManifest.xml:101:9-103:34
108            android:name="VKSdkVersionCode"
108-->[com.vk:android-sdk-core:3.5.0] AndroidManifest.xml:102:13-44
109            android:value="30" />
109-->[com.vk:android-sdk-core:3.5.0] AndroidManifest.xml:103:13-31
110
111        <uses-library
111-->[androidx.window:window:1.2.0] AndroidManifest.xml:23:9-25:40
112            android:name="androidx.window.extensions"
112-->[androidx.window:window:1.2.0] AndroidManifest.xml:24:13-54
113            android:required="false" />
113-->[androidx.window:window:1.2.0] AndroidManifest.xml:25:13-37
114        <uses-library
114-->[androidx.window:window:1.2.0] AndroidManifest.xml:26:9-28:40
115            android:name="androidx.window.sidecar"
115-->[androidx.window:window:1.2.0] AndroidManifest.xml:27:13-51
116            android:required="false" />
116-->[androidx.window:window:1.2.0] AndroidManifest.xml:28:13-37
117
118        <provider
118-->[androidx.lifecycle:lifecycle-process:2.7.0] AndroidManifest.xml:24:9-32:20
119            android:name="androidx.startup.InitializationProvider"
119-->[androidx.lifecycle:lifecycle-process:2.7.0] AndroidManifest.xml:25:13-67
120            android:authorities="com.example.dmega.androidx-startup"
120-->[androidx.lifecycle:lifecycle-process:2.7.0] AndroidManifest.xml:26:13-68
121            android:exported="false" >
121-->[androidx.lifecycle:lifecycle-process:2.7.0] AndroidManifest.xml:27:13-37
122            <meta-data
122-->[androidx.lifecycle:lifecycle-process:2.7.0] AndroidManifest.xml:29:13-31:52
123                android:name="androidx.lifecycle.ProcessLifecycleInitializer"
123-->[androidx.lifecycle:lifecycle-process:2.7.0] AndroidManifest.xml:30:17-78
124                android:value="androidx.startup" />
124-->[androidx.lifecycle:lifecycle-process:2.7.0] AndroidManifest.xml:31:17-49
125            <meta-data
125-->[androidx.profileinstaller:profileinstaller:1.3.1] AndroidManifest.xml:29:13-31:52
126                android:name="androidx.profileinstaller.ProfileInstallerInitializer"
126-->[androidx.profileinstaller:profileinstaller:1.3.1] AndroidManifest.xml:30:17-85
127                android:value="androidx.startup" />
127-->[androidx.profileinstaller:profileinstaller:1.3.1] AndroidManifest.xml:31:17-49
128        </provider>
129
130        <receiver
130-->[androidx.profileinstaller:profileinstaller:1.3.1] AndroidManifest.xml:34:9-52:20
131            android:name="androidx.profileinstaller.ProfileInstallReceiver"
131-->[androidx.profileinstaller:profileinstaller:1.3.1] AndroidManifest.xml:35:13-76
132            android:directBootAware="false"
132-->[androidx.profileinstaller:profileinstaller:1.3.1] AndroidManifest.xml:36:13-44
133            android:enabled="true"
133-->[androidx.profileinstaller:profileinstaller:1.3.1] AndroidManifest.xml:37:13-35
134            android:exported="true"
134-->[androidx.profileinstaller:profileinstaller:1.3.1] AndroidManifest.xml:38:13-36
135            android:permission="android.permission.DUMP" >
135-->[androidx.profileinstaller:profileinstaller:1.3.1] AndroidManifest.xml:39:13-57
136            <intent-filter>
136-->[androidx.profileinstaller:profileinstaller:1.3.1] AndroidManifest.xml:40:13-42:29
137                <action android:name="androidx.profileinstaller.action.INSTALL_PROFILE" />
137-->[androidx.profileinstaller:profileinstaller:1.3.1] AndroidManifest.xml:41:17-91
137-->[androidx.profileinstaller:profileinstaller:1.3.1] AndroidManifest.xml:41:25-88
138            </intent-filter>
139            <intent-filter>
139-->[androidx.profileinstaller:profileinstaller:1.3.1] AndroidManifest.xml:43:13-45:29
140                <action android:name="androidx.profileinstaller.action.SKIP_FILE" />
140-->[androidx.profileinstaller:profileinstaller:1.3.1] AndroidManifest.xml:44:17-85
140-->[androidx.profileinstaller:profileinstaller:1.3.1] AndroidManifest.xml:44:25-82
141            </intent-filter>
142            <intent-filter>
142-->[androidx.profileinstaller:profileinstaller:1.3.1] AndroidManifest.xml:46:13-48:29
143                <action android:name="androidx.profileinstaller.action.SAVE_PROFILE" />
143-->[androidx.profileinstaller:profileinstaller:1.3.1] AndroidManifest.xml:47:17-88
143-->[androidx.profileinstaller:profileinstaller:1.3.1] AndroidManifest.xml:47:25-85
144            </intent-filter>
145            <intent-filter>
145-->[androidx.profileinstaller:profileinstaller:1.3.1] AndroidManifest.xml:49:13-51:29
146                <action android:name="androidx.profileinstaller.action.BENCHMARK_OPERATION" />
146-->[androidx.profileinstaller:profileinstaller:1.3.1] AndroidManifest.xml:50:17-95
146-->[androidx.profileinstaller:profileinstaller:1.3.1] AndroidManifest.xml:50:25-92
147            </intent-filter>
148        </receiver>
149    </application>
150
151</manifest>